INFO - 2023-07-21 11:02:08 --> Session: Class initialized using 'CodeIgniter\Session\Handlers\FileHandler' driver.
INFO - 2023-07-21 11:02:57 --> Session: Class initialized using 'CodeIgniter\Session\Handlers\FileHandler' driver.
INFO - 2023-07-21 11:14:02 --> Session: Class initialized using 'CodeIgniter\Session\Handlers\FileHandler' driver.
ERROR - 2023-07-21 11:35:02 --> Error connecting to the database: mysqli_sql_exception: No connection could be made because the target machine actively refused it in D:\Dimas\KULIAH\CODING\PWL\FinalProjectpwl\system\Database\MySQLi\Connection.php:174
Stack trace:
#0 D:\Dimas\KULIAH\CODING\PWL\FinalProjectpwl\system\Database\MySQLi\Connection.php(174): mysqli->real_connect('localhost', 'root', '', 'fp', 3306, '', 0)
#1 D:\Dimas\KULIAH\CODING\PWL\FinalProjectpwl\system\Database\BaseConnection.php(391): CodeIgniter\Database\MySQLi\Connection->connect(false)
#2 D:\Dimas\KULIAH\CODING\PWL\FinalProjectpwl\system\Database\BaseConnection.php(574): CodeIgniter\Database\BaseConnection->initialize()
#3 D:\Dimas\KULIAH\CODING\PWL\FinalProjectpwl\system\Database\BaseBuilder.php(1616): CodeIgniter\Database\BaseConnection->query('SELECT *\nFROM `...', Array, false)
#4 D:\Dimas\KULIAH\CODING\PWL\FinalProjectpwl\system\Model.php(241): CodeIgniter\Database\BaseBuilder->get()
#5 D:\Dimas\KULIAH\CODING\PWL\FinalProjectpwl\system\BaseModel.php(618): CodeIgniter\Model->doFindAll(0, 0)
#6 D:\Dimas\KULIAH\CODING\PWL\FinalProjectpwl\app\Controllers\DashboardController.php(26): CodeIgniter\BaseModel->findAll()
#7 D:\Dimas\KULIAH\CODING\PWL\FinalProjectpwl\system\CodeIgniter.php(934): App\Controllers\DashboardController->beranda()
#8 D:\Dimas\KULIAH\CODING\PWL\FinalProjectpwl\system\CodeIgniter.php(499): CodeIgniter\CodeIgniter->runController(Object(App\Controllers\DashboardController))
#9 D:\Dimas\KULIAH\CODING\PWL\FinalProjectpwl\system\CodeIgniter.php(368): CodeIgniter\CodeIgniter->handleRequest(NULL, Object(Config\Cache), false)
#10 D:\Dimas\KULIAH\CODING\PWL\FinalProjectpwl\public\index.php(67): CodeIgniter\CodeIgniter->run()
#11 D:\Dimas\KULIAH\CODING\PWL\FinalProjectpwl\system\Commands\Server\rewrite.php(47): require_once('D:\\Dimas\\KULIAH...')
#12 {main}

Next CodeIgniter\Database\Exceptions\DatabaseException: No connection could be made because the target machine actively refused it in D:\Dimas\KULIAH\CODING\PWL\FinalProjectpwl\system\Database\MySQLi\Connection.php:218
Stack trace:
#0 D:\Dimas\KULIAH\CODING\PWL\FinalProjectpwl\system\Database\BaseConnection.php(391): CodeIgniter\Database\MySQLi\Connection->connect(false)
#1 D:\Dimas\KULIAH\CODING\PWL\FinalProjectpwl\system\Database\BaseConnection.php(574): CodeIgniter\Database\BaseConnection->initialize()
#2 D:\Dimas\KULIAH\CODING\PWL\FinalProjectpwl\system\Database\BaseBuilder.php(1616): CodeIgniter\Database\BaseConnection->query('SELECT *\nFROM `...', Array, false)
#3 D:\Dimas\KULIAH\CODING\PWL\FinalProjectpwl\system\Model.php(241): CodeIgniter\Database\BaseBuilder->get()
#4 D:\Dimas\KULIAH\CODING\PWL\FinalProjectpwl\system\BaseModel.php(618): CodeIgniter\Model->doFindAll(0, 0)
#5 D:\Dimas\KULIAH\CODING\PWL\FinalProjectpwl\app\Controllers\DashboardController.php(26): CodeIgniter\BaseModel->findAll()
#6 D:\Dimas\KULIAH\CODING\PWL\FinalProjectpwl\system\CodeIgniter.php(934): App\Controllers\DashboardController->beranda()
#7 D:\Dimas\KULIAH\CODING\PWL\FinalProjectpwl\system\CodeIgniter.php(499): CodeIgniter\CodeIgniter->runController(Object(App\Controllers\DashboardController))
#8 D:\Dimas\KULIAH\CODING\PWL\FinalProjectpwl\system\CodeIgniter.php(368): CodeIgniter\CodeIgniter->handleRequest(NULL, Object(Config\Cache), false)
#9 D:\Dimas\KULIAH\CODING\PWL\FinalProjectpwl\public\index.php(67): CodeIgniter\CodeIgniter->run()
#10 D:\Dimas\KULIAH\CODING\PWL\FinalProjectpwl\system\Commands\Server\rewrite.php(47): require_once('D:\\Dimas\\KULIAH...')
#11 {main}
CRITICAL - 2023-07-21 11:35:02 --> Unable to connect to the database.
Main connection [MySQLi]: No connection could be made because the target machine actively refused it
in SYSTEMPATH\Database\BaseConnection.php on line 427.
 1 SYSTEMPATH\Database\BaseConnection.php(574): CodeIgniter\Database\BaseConnection->initialize()
 2 SYSTEMPATH\Database\BaseBuilder.php(1616): CodeIgniter\Database\BaseConnection->query('SELECT *
FROM `temuan`', [], false)
 3 SYSTEMPATH\Model.php(241): CodeIgniter\Database\BaseBuilder->get()
 4 SYSTEMPATH\BaseModel.php(618): CodeIgniter\Model->doFindAll(0, 0)
 5 APPPATH\Controllers\DashboardController.php(26): CodeIgniter\BaseModel->findAll()
 6 SYSTEMPATH\CodeIgniter.php(934): App\Controllers\DashboardController->beranda()
 7 SYSTEMPATH\CodeIgniter.php(499): CodeIgniter\CodeIgniter->runController(Object(App\Controllers\DashboardController))
 8 SYSTEMPATH\CodeIgniter.php(368): CodeIgniter\CodeIgniter->handleRequest(null, Object(Config\Cache), false)
 9 FCPATH\index.php(67): CodeIgniter\CodeIgniter->run()
10 SYSTEMPATH\Commands\Server\rewrite.php(47): require_once('D:\\Dimas\\KULIAH\\CODING\\PWL\\FinalProjectpwl\\public\\index.php')
ERROR - 2023-07-21 11:35:07 --> Error connecting to the database: mysqli_sql_exception: No connection could be made because the target machine actively refused it in D:\Dimas\KULIAH\CODING\PWL\FinalProjectpwl\system\Database\MySQLi\Connection.php:174
Stack trace:
#0 D:\Dimas\KULIAH\CODING\PWL\FinalProjectpwl\system\Database\MySQLi\Connection.php(174): mysqli->real_connect('localhost', 'root', '', 'fp', 3306, '', 0)
#1 D:\Dimas\KULIAH\CODING\PWL\FinalProjectpwl\system\Database\BaseConnection.php(391): CodeIgniter\Database\MySQLi\Connection->connect(false)
#2 D:\Dimas\KULIAH\CODING\PWL\FinalProjectpwl\system\Database\BaseConnection.php(574): CodeIgniter\Database\BaseConnection->initialize()
#3 D:\Dimas\KULIAH\CODING\PWL\FinalProjectpwl\system\Database\BaseBuilder.php(1616): CodeIgniter\Database\BaseConnection->query('SELECT *\nFROM `...', Array, false)
#4 D:\Dimas\KULIAH\CODING\PWL\FinalProjectpwl\system\Model.php(241): CodeIgniter\Database\BaseBuilder->get()
#5 D:\Dimas\KULIAH\CODING\PWL\FinalProjectpwl\system\BaseModel.php(618): CodeIgniter\Model->doFindAll(0, 0)
#6 D:\Dimas\KULIAH\CODING\PWL\FinalProjectpwl\app\Controllers\TemuanController.php(13): CodeIgniter\BaseModel->findAll()
#7 D:\Dimas\KULIAH\CODING\PWL\FinalProjectpwl\system\CodeIgniter.php(934): App\Controllers\TemuanController->index()
#8 D:\Dimas\KULIAH\CODING\PWL\FinalProjectpwl\system\CodeIgniter.php(499): CodeIgniter\CodeIgniter->runController(Object(App\Controllers\TemuanController))
#9 D:\Dimas\KULIAH\CODING\PWL\FinalProjectpwl\system\CodeIgniter.php(368): CodeIgniter\CodeIgniter->handleRequest(NULL, Object(Config\Cache), false)
#10 D:\Dimas\KULIAH\CODING\PWL\FinalProjectpwl\public\index.php(67): CodeIgniter\CodeIgniter->run()
#11 D:\Dimas\KULIAH\CODING\PWL\FinalProjectpwl\system\Commands\Server\rewrite.php(47): require_once('D:\\Dimas\\KULIAH...')
#12 {main}

Next CodeIgniter\Database\Exceptions\DatabaseException: No connection could be made because the target machine actively refused it in D:\Dimas\KULIAH\CODING\PWL\FinalProjectpwl\system\Database\MySQLi\Connection.php:218
Stack trace:
#0 D:\Dimas\KULIAH\CODING\PWL\FinalProjectpwl\system\Database\BaseConnection.php(391): CodeIgniter\Database\MySQLi\Connection->connect(false)
#1 D:\Dimas\KULIAH\CODING\PWL\FinalProjectpwl\system\Database\BaseConnection.php(574): CodeIgniter\Database\BaseConnection->initialize()
#2 D:\Dimas\KULIAH\CODING\PWL\FinalProjectpwl\system\Database\BaseBuilder.php(1616): CodeIgniter\Database\BaseConnection->query('SELECT *\nFROM `...', Array, false)
#3 D:\Dimas\KULIAH\CODING\PWL\FinalProjectpwl\system\Model.php(241): CodeIgniter\Database\BaseBuilder->get()
#4 D:\Dimas\KULIAH\CODING\PWL\FinalProjectpwl\system\BaseModel.php(618): CodeIgniter\Model->doFindAll(0, 0)
#5 D:\Dimas\KULIAH\CODING\PWL\FinalProjectpwl\app\Controllers\TemuanController.php(13): CodeIgniter\BaseModel->findAll()
#6 D:\Dimas\KULIAH\CODING\PWL\FinalProjectpwl\system\CodeIgniter.php(934): App\Controllers\TemuanController->index()
#7 D:\Dimas\KULIAH\CODING\PWL\FinalProjectpwl\system\CodeIgniter.php(499): CodeIgniter\CodeIgniter->runController(Object(App\Controllers\TemuanController))
#8 D:\Dimas\KULIAH\CODING\PWL\FinalProjectpwl\system\CodeIgniter.php(368): CodeIgniter\CodeIgniter->handleRequest(NULL, Object(Config\Cache), false)
#9 D:\Dimas\KULIAH\CODING\PWL\FinalProjectpwl\public\index.php(67): CodeIgniter\CodeIgniter->run()
#10 D:\Dimas\KULIAH\CODING\PWL\FinalProjectpwl\system\Commands\Server\rewrite.php(47): require_once('D:\\Dimas\\KULIAH...')
#11 {main}
CRITICAL - 2023-07-21 11:35:07 --> Unable to connect to the database.
Main connection [MySQLi]: No connection could be made because the target machine actively refused it
in SYSTEMPATH\Database\BaseConnection.php on line 427.
 1 SYSTEMPATH\Database\BaseConnection.php(574): CodeIgniter\Database\BaseConnection->initialize()
 2 SYSTEMPATH\Database\BaseBuilder.php(1616): CodeIgniter\Database\BaseConnection->query('SELECT *
FROM `temuan`', [], false)
 3 SYSTEMPATH\Model.php(241): CodeIgniter\Database\BaseBuilder->get()
 4 SYSTEMPATH\BaseModel.php(618): CodeIgniter\Model->doFindAll(0, 0)
 5 APPPATH\Controllers\TemuanController.php(13): CodeIgniter\BaseModel->findAll()
 6 SYSTEMPATH\CodeIgniter.php(934): App\Controllers\TemuanController->index()
 7 SYSTEMPATH\CodeIgniter.php(499): CodeIgniter\CodeIgniter->runController(Object(App\Controllers\TemuanController))
 8 SYSTEMPATH\CodeIgniter.php(368): CodeIgniter\CodeIgniter->handleRequest(null, Object(Config\Cache), false)
 9 FCPATH\index.php(67): CodeIgniter\CodeIgniter->run()
10 SYSTEMPATH\Commands\Server\rewrite.php(47): require_once('D:\\Dimas\\KULIAH\\CODING\\PWL\\FinalProjectpwl\\public\\index.php')
